<?xml version="1.0" encoding="UTF-8"?>
<testng-results skipped="0" failed="0" total="1" passed="1">
  <reporter-output>
  </reporter-output>
  <suite name="Default suite" duration-ms="723040" started-at="2015-05-15T11:48:23Z" finished-at="2015-05-15T12:00:26Z">
    <groups>
    </groups>
    <test name="Default test" duration-ms="723040" started-at="2015-05-15T11:48:23Z" finished-at="2015-05-15T12:00:26Z">
      <class name="com.implicitwait.ImplicitWaitTest">
        <test-method status="PASS" signature="beforeMethod()[pri:0, instance:com.implicitwait.ImplicitWaitTest@9aa3f3]" name="beforeMethod" is-config="true" duration-ms="696036" started-at="2015-05-15T17:18:23Z" finished-at="2015-05-15T17:29:59Z">
          <reporter-output>
          </reporter-output>
        </test-method> <!-- beforeMethod -->
        <test-method status="PASS" signature="implicitTest()[pri:0, instance:com.implicitwait.ImplicitWaitTest@9aa3f3]" name="implicitTest" duration-ms="26973" started-at="2015-05-15T17:29:59Z" finished-at="2015-05-15T17:30:26Z">
          <reporter-output>
          </reporter-output>
        </test-method> <!-- implicitTest -->
        <test-method status="PASS" signature="afterMethod()[pri:0, instance:com.implicitwait.ImplicitWaitTest@9aa3f3]" name="afterMethod" is-config="true" duration-ms="0" started-at="2015-05-15T17:30:26Z" finished-at="2015-05-15T17:30:26Z">
          <reporter-output>
          </reporter-output>
        </test-method> <!-- afterMethod -->
      </class> <!-- com.implicitwait.ImplicitWaitTest -->
    </test> <!-- Default test -->
  </suite> <!-- Default suite -->
</testng-results>
